
🚀 GV Staff Monitor API running at http://localhost:5000


🚀 GV Staff Monitor API running at http://localhost:5000


🚀 GV Staff Monitor API running at http://localhost:5000


🚀 GV Staff Monitor API running at http://localhost:5000


🚀 GV Staff Monitor API running on port 5000 (IPv4 and IPv6)


🚀 GV Staff Monitor API running on port 5000 (IPv4 and IPv6)


🚀 GV Staff Monitor API running on port 5000 (IPv4 and IPv6)


🚀 GV Staff Monitor API running on port 5000 (IPv4 and IPv6)


🚀 GV Staff Monitor API running on port 5000 (IPv4 and IPv6)


🚀 GV Staff Monitor API running on port 5000 (IPv4 and IPv6)


🚀 GV Staff Monitor API running on port 5000 (IPv4 and IPv6)


🚀 GV Staff Monitor API running on port 5000 (IPv4 and IPv6)


🚀 GV Staff Monitor API running on port 5000 (IPv4 and IPv6)


🚀 GV Staff Monitor API running on port 5000 (IPv4 and IPv6)


🚀 GV Staff Monitor API running on port 5000 (IPv4 and IPv6)


🚀 GV Staff Monitor API running on port 5000 (IPv4 and IPv6)


🚀 GV Staff Monitor API running on port 5000 (IPv4 and IPv6)


🚀 GV Staff Monitor API running on port 5000 (IPv4 and IPv6)


🚀 GV Staff Monitor API running on port 5000 (IPv4 and IPv6)


🚀 GV Staff Monitor API running on port 5000 (IPv4 and IPv6)


🚀 GV Staff Monitor API running on port 5000 (IPv4 and IPv6)

Auto-delete cron job scheduled (runs daily at 2:00 AM).

🚀 GV Staff Monitor API running on port 5000 (IPv4 and IPv6)

Auto-delete cron job scheduled (runs daily at 2:00 AM).

🚀 GV Staff Monitor API running on port 5000 (IPv4 and IPv6)

Auto-delete cron job scheduled (runs daily at 2:00 AM).

🚀 GV Staff Monitor API running on port 5000 (IPv4 and IPv6)

Auto-delete cron job scheduled (runs daily at 2:00 AM).

🚀 GV Staff Monitor API running on port 5000 (IPv4 and IPv6)

Auto-delete cron job scheduled (runs daily at 2:00 AM).

🚀 GV Staff Monitor API running on port 5000 (IPv4 and IPv6)

Auto-delete cron job scheduled (runs daily at 2:00 AM).

🚀 GV Staff Monitor API running on port 5000 (IPv4 and IPv6)

Auto-delete cron job scheduled (runs daily at 2:00 AM).
Deleted local file: /root/GV-Staff-Monitor/backend/dist/uploads/screenshots/4453f3da-a663-44d5-8e29-39716b22a3e9.webp
Deleted local file: /root/GV-Staff-Monitor/backend/dist/uploads/screenshots/7b2fe6cf-d39f-48ca-8c10-4e3f736443df.webp
Deleted local file: /root/GV-Staff-Monitor/backend/dist/uploads/screenshots/fab5bd43-0388-4106-a1cc-439502bc4116.webp
Deleted local file: /root/GV-Staff-Monitor/backend/dist/uploads/screenshots/7f20ce0e-7d92-4baf-9a85-cebbf61cbb50.webp
Deleted local file: /root/GV-Staff-Monitor/backend/dist/uploads/screenshots/16380ea9-11a2-46b8-8411-0022e25078bd.webp
Deleted local file: /root/GV-Staff-Monitor/backend/dist/uploads/screenshots/47389e9e-9dbc-4ed6-9218-378950bbefa0.webp

🚀 GV Staff Monitor API running on port 5000 (IPv4 and IPv6)

Auto-delete cron job scheduled (runs daily at 2:00 AM).
Running 60-day auto-delete cron job for screenshots...
No screenshots found older than 60 days.
